<?xml version="1.0" encoding="UTF-8"?>
<!-- Generated by org.testng.reporters.JUnitReportReporter -->
<testsuite hostname="BDC7-L-781BBX1" name="home.ClickTest" tests="2" failures="0" timestamp="17 Dec 2015 14:58:38 GMT" time="14.066" errors="0">
  <testcase name="verifyClick" time="11.431" classname="home.ClickTest"/>
  <testcase name="verifyTest" time="2.635" classname="home.ClickTest"/>
</testsuite> <!-- home.ClickTest -->
